============================= test session starts =============================
platform win32 -- Python 3.14.6, pytest-9.0.3, pluggy-1.6.0 -- C:\Users\psaty\AppData\Local\Python\pythoncore-3.14-64\python.exe
cachedir: .pytest_cache
rootdir: C:\Users\psaty\project-final
plugins: anyio-4.13.0, Faker-40.23.0
collecting ... collected 21 items

tests/test_agent.py::test_ddl_parse_returns_columns PASSED               [  4%]
tests/test_agent.py::test_ddl_parse_detects_correct_count PASSED         [  9%]
tests/test_agent.py::test_ddl_parse_column_names PASSED                  [ 14%]
tests/test_agent.py::test_ddl_parse_column_types PASSED                  [ 19%]
tests/test_agent.py::test_yaml_parse_returns_columns PASSED              [ 23%]
tests/test_agent.py::test_yaml_parse_column_count PASSED                 [ 28%]
tests/test_agent.py::test_yaml_parse_values_list PASSED                  [ 33%]
tests/test_agent.py::test_yaml_parse_min_max PASSED                      [ 38%]
tests/test_agent.py::test_generate_email PASSED                          [ 42%]
tests/test_agent.py::test_generate_boolean PASSED                        [ 47%]
tests/test_agent.py::test_generate_integer PASSED                        [ 52%]
tests/test_agent.py::test_generate_decimal PASSED                        [ 57%]
tests/test_agent.py::test_generate_date PASSED                           [ 61%]
tests/test_agent.py::test_generate_enum_values PASSED                    [ 66%]
tests/test_agent.py::test_generate_primary_key_unique PASSED             [ 71%]
tests/test_agent.py::test_agent_returns_correct_row_count PASSED         [ 76%]
tests/test_agent.py::test_agent_returns_correct_column_count PASSED      [ 80%]
tests/test_agent.py::test_agent_no_null_rows PASSED                      [ 85%]
tests/test_agent.py::test_agent_yaml_schema PASSED                       [ 90%]
tests/test_agent.py::test_full_pipeline_ddl PASSED                       [ 95%]
tests/test_agent.py::test_full_pipeline_yaml PASSED                      [100%]

============================= 21 passed in 12.69s =============================
